<?xml version="1.0" encoding="UTF-8"?>
<!-- Generated by org.testng.reporters.JUnitReportReporter -->
<testsuite hostname="DESKTOP-HKN9H90" failures="0" tests="3" name="testposts.TestPostsAPI" time="2.400" errors="0" timestamp="2020-07-02T10:23:28 PDT" skipped="0">
  <testcase classname="testposts.TestPostsAPI" name="testGetAllPosts" time="1.408"/>
  <system-out/>
  <testcase classname="testposts.TestPostsAPI" name="testUserCanCreateAPostUsingPojoSuccessfully" time="0.161"/>
  <system-out/>
  <testcase classname="testposts.TestPostsAPI" name="testUserCanCreateAPostSuccessfully" time="0.831"/>
  <system-out/>
</testsuite> <!-- testposts.TestPostsAPI -->
